This file contains any messages produced by compilers while
running configure, to aid debugging if configure makes a mistake.

It was created by GLPK configure 4.60, which was
generated by GNU Autoconf 2.69.  Invocation command line was

  $ ./configure --prefix=/Users/Chaitu/Documents/github/lineup_recommender/glpk

## --------- ##
## Platform. ##
## --------- ##

hostname = MacBook-Pro-9.local
uname -m = x86_64
uname -r = 15.4.0
uname -s = Darwin
uname -v = Darwin Kernel Version 15.4.0: Fri Feb 26 22:08:05 PST 2016; root:xnu-3248.40.184~3/RELEASE_X86_64

/usr/bin/uname -p = i386
/bin/uname -X     = unknown

/bin/arch              = unknown
/usr/bin/arch -k       = unknown
/usr/convex/getsysinfo = unknown
/usr/bin/hostinfo      = Mach kernel version:
	 Darwin Kernel Version 15.4.0: Fri Feb 26 22:08:05 PST 2016; root:xnu-3248.40.184~3/RELEASE_X86_64
Kernel configured for up to 4 processors.
2 processors are physically available.
4 processors are logically available.
Processor type: x86_64h (Intel x86-64h Haswell)
Processors active: 0 1 2 3
Primary memory available: 8.00 gigabytes
Default processor set: 284 tasks, 1548 threads, 4 processors
Load average: 1.42, Mach factor: 2.56
/bin/machine           = unknown
/usr/bin/oslevel       = unknown
/bin/universe          = unknown

PATH: /Users/Chaitu/anaconda/envs/lineup-recommender/bin
PATH: /Users/Chaitu/.opam/system/bin
PATH: /Users/Chaitu/.gvm/vertx/current/bin
PATH: /Users/Chaitu/.gvm/springboot/current/bin
PATH: /Users/Chaitu/.gvm/lazybones/current/bin
PATH: /Users/Chaitu/.gvm/jbake/current/bin
PATH: /Users/Chaitu/.gvm/groovyserv/current/bin
PATH: /Users/Chaitu/.gvm/groovy/current/bin
PATH: /Users/Chaitu/.gvm/griffon/current/bin
PATH: /Users/Chaitu/.gvm/grails/current/bin
PATH: /Users/Chaitu/.gvm/gradle/current/bin
PATH: /Users/Chaitu/.gvm/glide/current/bin
PATH: /Users/Chaitu/.gvm/gaiden/current/bin
PATH: /Users/Chaitu/.gvm/crash/current/bin
PATH: /usr/local/bin
PATH: /usr/bin
PATH: /bin
PATH: /usr/sbin
PATH: /sbin


## ----------- ##
## Core tests. ##
## ----------- ##

configure:2257: checking for a BSD-compatible install
configure:2325: result: /usr/bin/install -c
configure:2336: checking whether build environment is sane
configure:2391: result: yes
configure:2542: checking for a thread-safe mkdir -p
configure:2581: result: ./install-sh -c -d
configure:2588: checking for gawk
configure:2604: found /usr/local/bin/gawk
configure:2615: result: gawk
configure:2626: checking whether make sets $(MAKE)
configure:2648: result: yes
configure:2835: checking for gcc
configure:2851: found /usr/bin/gcc
configure:2862: result: gcc
configure:3091: checking for C compiler version
configure:3100: gcc --version >&5
Apple LLVM version 7.3.0 (clang-703.0.29)
Target: x86_64-apple-darwin15.4.0
Thread model: posix
InstalledDir: /Applications/Xcode.app/Contents/Developer/Toolchains/XcodeDefault.xctoolchain/usr/bin
Configured with: --prefix=/Applications/Xcode.app/Contents/Developer/usr --with-gxx-include-dir=/Applications/Xcode.app/Contents/Developer/Platforms/MacOSX.platform/Developer/SDKs/MacOSX10.11.sdk/usr/include/c++/4.2.1
configure:3111: $? = 0
configure:3100: gcc -v >&5
Configured with: --prefix=/Applications/Xcode.app/Contents/Developer/usr --with-gxx-include-dir=/Applications/Xcode.app/Contents/Developer/Platforms/MacOSX.platform/Developer/SDKs/MacOSX10.11.sdk/usr/include/c++/4.2.1
Apple LLVM version 7.3.0 (clang-703.0.29)
Target: x86_64-apple-darwin15.4.0
Thread model: posix
InstalledDir: /Applications/Xcode.app/Contents/Developer/Toolchains/XcodeDefault.xctoolchain/usr/bin
configure:3111: $? = 0
configure:3100: gcc -V >&5
clang: error: argument to '-V' is missing (expected 1 value)
clang: error: no input files
configure:3111: $? = 1
configure:3100: gcc -qversion >&5
clang: error: unknown argument: '-qversion'
clang: error: no input files
configure:3111: $? = 1
configure:3131: checking whether the C compiler works
configure:3153: gcc    conftest.c  >&5
configure:3157: $? = 0
configure:3205: result: yes
configure:3208: checking for C compiler default output file name
configure:3210: result: a.out
configure:3216: checking for suffix of executables
configure:3223: gcc -o conftest    conftest.c  >&5
configure:3227: $? = 0
configure:3249: result: 
configure:3271: checking whether we are cross compiling
configure:3279: gcc -o conftest    conftest.c  >&5
configure:3283: $? = 0
configure:3290: ./conftest
configure:3294: $? = 0
configure:3309: result: no
configure:3314: checking for suffix of object files
configure:3336: gcc -c   conftest.c >&5
configure:3340: $? = 0
configure:3361: result: o
configure:3365: checking whether we are using the GNU C compiler
configure:3384: gcc -c   conftest.c >&5
configure:3384: $? = 0
configure:3393: result: yes
configure:3402: checking whether gcc accepts -g
configure:3422: gcc -c -g  conftest.c >&5
configure:3422: $? = 0
configure:3463: result: yes
configure:3480: checking for gcc option to accept ISO C89
configure:3543: gcc  -c -g -O2  conftest.c >&5
configure:3543: $? = 0
configure:3556: result: none needed
configure:3587: checking for style of include used by make
configure:3615: result: GNU
configure:3641: checking dependency style of gcc
configure:3752: result: gcc3
configure:3797: checking build system type
configure:3811: result: x86_64-apple-darwin15.4.0
configure:3831: checking host system type
configure:3844: result: x86_64-apple-darwin15.4.0
configure:3885: checking how to print strings
configure:3912: result: printf
configure:3933: checking for a sed that does not truncate output
configure:3997: result: /usr/local/bin/sed
configure:4015: checking for grep that handles long lines and -e
configure:4073: result: /usr/bin/grep
configure:4078: checking for egrep
configure:4140: result: /usr/bin/grep -E
configure:4145: checking for fgrep
configure:4207: result: /usr/bin/grep -F
configure:4242: checking for ld used by gcc
configure:4309: result: /Applications/Xcode.app/Contents/Developer/Toolchains/XcodeDefault.xctoolchain/usr/bin/ld
configure:4316: checking if the linker (/Applications/Xcode.app/Contents/Developer/Toolchains/XcodeDefault.xctoolchain/usr/bin/ld) is GNU ld
configure:4331: result: no
configure:4343: checking for BSD- or MS-compatible name lister (nm)
configure:4392: result: /usr/bin/nm -B
configure:4522: checking the name lister (/usr/bin/nm -B) interface
configure:4529: gcc -c -g -O2  conftest.c >&5
configure:4532: /usr/bin/nm -B "conftest.o"
configure:4535: output
000000000000020c S _some_variable
configure:4542: result: BSD nm
configure:4545: checking whether ln -s works
configure:4549: result: yes
configure:4557: checking the maximum length of command line arguments
configure:4682: result: 196608
configure:4699: checking whether the shell understands some XSI constructs
configure:4709: result: yes
configure:4713: checking whether the shell understands "+="
configure:4719: result: yes
configure:4754: checking how to convert x86_64-apple-darwin15.4.0 file names to x86_64-apple-darwin15.4.0 format
configure:4794: result: func_convert_file_noop
configure:4801: checking how to convert x86_64-apple-darwin15.4.0 file names to toolchain format
configure:4821: result: func_convert_file_noop
configure:4828: checking for /Applications/Xcode.app/Contents/Developer/Toolchains/XcodeDefault.xctoolchain/usr/bin/ld option to reload object files
configure:4835: result: -r
configure:4909: checking for objdump
configure:4939: result: no
configure:4968: checking how to recognize dependent libraries
configure:5170: result: pass_all
configure:5255: checking for dlltool
configure:5285: result: no
configure:5315: checking how to associate runtime and link libraries
configure:5342: result: printf %s\n
configure:5403: checking for ar
configure:5419: found /usr/bin/ar
configure:5430: result: ar
configure:5467: checking for archiver @FILE support
configure:5484: gcc -c -g -O2  conftest.c >&5
configure:5484: $? = 0
configure:5487: ar cru libconftest.a @conftest.lst >&5
ar: @conftest.lst: No such file or directory
configure:5490: $? = 1
configure:5510: result: no
configure:5568: checking for strip
configure:5584: found /usr/bin/strip
configure:5595: result: strip
configure:5667: checking for ranlib
configure:5683: found /usr/bin/ranlib
configure:5694: result: ranlib
configure:5796: checking command to parse /usr/bin/nm -B output from gcc object
configure:5915: gcc -c -g -O2  conftest.c >&5
configure:5918: $? = 0
configure:5922: /usr/bin/nm -B conftest.o \| sed -n -e 's/^.*[ ]\([BCDEGRST][BCDEGRST]*\)[ ][ ]*\([_A-Za-z][_A-Za-z0-9]*\)$/\1 \2 \2/p' | sed '/ __gnu_lto/d' \> conftest.nm
configure:5925: $? = 0
cannot find nm_test_var in conftest.nm
configure:5915: gcc -c -g -O2  conftest.c >&5
configure:5918: $? = 0
configure:5922: /usr/bin/nm -B conftest.o \| sed -n -e 's/^.*[ ]\([BCDEGRST][BCDEGRST]*\)[ ][ ]*_\([_A-Za-z][_A-Za-z0-9]*\)$/\1 _\2 \2/p' | sed '/ __gnu_lto/d' \> conftest.nm
configure:5925: $? = 0
configure:5991: gcc -o conftest -g -O2   conftest.c conftstm.o >&5
warning: (x86_64)  could not find object file symbol for symbol _main
configure:5994: $? = 0
configure:6032: result: ok
configure:6069: checking for sysroot
configure:6099: result: no
configure:6342: checking for mt
configure:6372: result: no
configure:6392: checking if : is a manifest tool
configure:6398: : '-?'
configure:6406: result: no
configure:6462: checking for dsymutil
configure:6478: found /usr/bin/dsymutil
configure:6489: result: dsymutil
configure:6554: checking for nmedit
configure:6570: found /usr/bin/nmedit
configure:6581: result: nmedit
configure:6646: checking for lipo
configure:6662: found /usr/bin/lipo
configure:6673: result: lipo
configure:6738: checking for otool
configure:6754: found /usr/bin/otool
configure:6765: result: otool
configure:6830: checking for otool64
configure:6860: result: no
configure:6905: checking for -single_module linker flag
gcc -g -O2  -o libconftest.dylib -dynamiclib -Wl,-single_module conftest.c
configure:6932: result: yes
configure:6934: checking for -exported_symbols_list linker flag
configure:6954: gcc -o conftest -g -O2   -Wl,-exported_symbols_list,conftest.sym conftest.c  >&5
configure:6954: $? = 0
configure:6964: result: yes
configure:6966: checking for -force_load linker flag
gcc -g -O2 -c -o conftest.o conftest.c
ar cru libconftest.a conftest.o
ranlib libconftest.a
gcc -g -O2  -o conftest conftest.c -Wl,-force_load,./libconftest.a
warning: (x86_64)  could not find object file symbol for symbol _forced_loaded
configure:6996: result: no
configure:7038: checking how to run the C preprocessor
configure:7069: gcc -E  conftest.c
configure:7069: $? = 0
configure:7083: gcc -E  conftest.c
conftest.c:11:10: fatal error: 'ac_nonexistent.h' file not found
#include <ac_nonexistent.h>
         ^
1 error generated.
configure:7083: $? = 1
configure: failed program was:
| /* confdefs.h */
| #define PACKAGE_NAME "GLPK"
| #define PACKAGE_TARNAME "glpk"
| #define PACKAGE_VERSION "4.60"
| #define PACKAGE_STRING "GLPK 4.60"
| #define PACKAGE_BUGREPORT "bug-glpk@gnu.org"
| #define PACKAGE_URL ""
| #define PACKAGE "glpk"
| #define VERSION "4.60"
| /* end confdefs.h.  */
| #include <ac_nonexistent.h>
configure:7108: result: gcc -E
configure:7128: gcc -E  conftest.c
configure:7128: $? = 0
configure:7142: gcc -E  conftest.c
conftest.c:11:10: fatal error: 'ac_nonexistent.h' file not found
#include <ac_nonexistent.h>
         ^
1 error generated.
configure:7142: $? = 1
configure: failed program was:
| /* confdefs.h */
| #define PACKAGE_NAME "GLPK"
| #define PACKAGE_TARNAME "glpk"
| #define PACKAGE_VERSION "4.60"
| #define PACKAGE_STRING "GLPK 4.60"
| #define PACKAGE_BUGREPORT "bug-glpk@gnu.org"
| #define PACKAGE_URL ""
| #define PACKAGE "glpk"
| #define VERSION "4.60"
| /* end confdefs.h.  */
| #include <ac_nonexistent.h>
configure:7171: checking for ANSI C header files
configure:7191: gcc -c -g -O2  conftest.c >&5
configure:7191: $? = 0
configure:7264: gcc -o conftest -g -O2   conftest.c  >&5
configure:7264: $? = 0
configure:7264: ./conftest
configure:7264: $? = 0
configure:7275: result: yes
configure:7288: checking for sys/types.h
configure:7288: gcc -c -g -O2  conftest.c >&5
configure:7288: $? = 0
configure:7288: result: yes
configure:7288: checking for sys/stat.h
configure:7288: gcc -c -g -O2  conftest.c >&5
configure:7288: $? = 0
configure:7288: result: yes
configure:7288: checking for stdlib.h
configure:7288: gcc -c -g -O2  conftest.c >&5
configure:7288: $? = 0
configure:7288: result: yes
configure:7288: checking for string.h
configure:7288: gcc -c -g -O2  conftest.c >&5
configure:7288: $? = 0
configure:7288: result: yes
configure:7288: checking for memory.h
configure:7288: gcc -c -g -O2  conftest.c >&5
configure:7288: $? = 0
configure:7288: result: yes
configure:7288: checking for strings.h
configure:7288: gcc -c -g -O2  conftest.c >&5
configure:7288: $? = 0
configure:7288: result: yes
configure:7288: checking for inttypes.h
configure:7288: gcc -c -g -O2  conftest.c >&5
configure:7288: $? = 0
configure:7288: result: yes
configure:7288: checking for stdint.h
configure:7288: gcc -c -g -O2  conftest.c >&5
configure:7288: $? = 0
configure:7288: result: yes
configure:7288: checking for unistd.h
configure:7288: gcc -c -g -O2  conftest.c >&5
configure:7288: $? = 0
configure:7288: result: yes
configure:7302: checking for dlfcn.h
configure:7302: gcc -c -g -O2  conftest.c >&5
configure:7302: $? = 0
configure:7302: result: yes
configure:7489: checking for objdir
configure:7504: result: .libs
configure:7775: checking if gcc supports -fno-rtti -fno-exceptions
configure:7793: gcc -c -g -O2  -fno-rtti -fno-exceptions conftest.c >&5
configure:7797: $? = 0
configure:7810: result: yes
configure:8120: checking for gcc option to produce PIC
configure:8127: result: -fno-common -DPIC
configure:8135: checking if gcc PIC flag -fno-common -DPIC works
configure:8153: gcc -c -g -O2  -fno-common -DPIC -DPIC conftest.c >&5
configure:8157: $? = 0
configure:8170: result: yes
configure:8199: checking if gcc static flag -static works
configure:8227: result: no
configure:8242: checking if gcc supports -c -o file.o
configure:8263: gcc -c -g -O2  -o out/conftest2.o conftest.c >&5
configure:8267: $? = 0
configure:8289: result: yes
configure:8297: checking if gcc supports -c -o file.o
configure:8344: result: yes
configure:8377: checking whether the gcc linker (/Applications/Xcode.app/Contents/Developer/Toolchains/XcodeDefault.xctoolchain/usr/bin/ld) supports shared libraries
configure:9535: result: yes
configure:9780: checking dynamic linker characteristics
configure:10516: result: darwin15.4.0 dyld
configure:10623: checking how to hardcode library paths into programs
configure:10648: result: immediate
configure:11188: checking whether stripping libraries is possible
configure:11202: result: yes
configure:11228: checking if libtool supports shared libraries
configure:11230: result: yes
configure:11233: checking whether to build shared libraries
configure:11254: result: yes
configure:11257: checking whether to build static libraries
configure:11261: result: yes
configure:11297: checking for exp in -lm
configure:11322: gcc -o conftest -g -O2   conftest.c -lm   >&5
conftest.c:30:6: warning: incompatible redeclaration of library function 'exp' [-Wincompatible-library-redeclaration]
char exp ();
     ^
conftest.c:30:6: note: 'exp' is a builtin with type 'double (double)'
1 warning generated.
configure:11322: $? = 0
configure:11331: result: yes
configure:11343: checking sys/time.h usability
configure:11343: gcc -c -g -O2  conftest.c >&5
configure:11343: $? = 0
configure:11343: result: yes
configure:11343: checking sys/time.h presence
configure:11343: gcc -E  conftest.c
configure:11343: $? = 0
configure:11343: result: yes
configure:11343: checking for sys/time.h
configure:11343: result: yes
configure:11352: checking for gettimeofday
configure:11352: gcc -o conftest -g -O2   conftest.c -lm  >&5
configure:11352: $? = 0
configure:11352: result: yes
configure:11371: checking whether to use GNU MP bignum library
configure:11381: result: no
configure:11385: checking whether to enable shared library support
configure:11408: result: no
configure:11425: checking whether to enable MathProg ODBC support
configure:11451: result: no
configure:11455: checking whether to enable MathProg MySQL support
configure:11470: result: no
configure:11474: checking if libtool needs -no-undefined flag to build shared libraries
configure:11485: result: no
configure:11602: checking that generated files are newer than configure
configure:11608: result: done
configure:11631: creating ./config.status

## ---------------------- ##
## Running config.status. ##
## ---------------------- ##

This file was extended by GLPK config.status 4.60, which was
generated by GNU Autoconf 2.69.  Invocation command line was

  CONFIG_FILES    = 
  CONFIG_HEADERS  = 
  CONFIG_LINKS    = 
  CONFIG_COMMANDS = 
  $ ./config.status 

on MacBook-Pro-9.local

config.status:1079: creating src/Makefile
config.status:1079: creating examples/Makefile
config.status:1079: creating Makefile
config.status:1079: creating config.h
config.status:1308: executing depfiles commands
config.status:1308: executing libtool commands

## ---------------- ##
## Cache variables. ##
## ---------------- ##

ac_cv_build=x86_64-apple-darwin15.4.0
ac_cv_c_compiler_gnu=yes
ac_cv_env_CC_set=
ac_cv_env_CC_value=
ac_cv_env_CFLAGS_set=
ac_cv_env_CFLAGS_value=
ac_cv_env_CPPFLAGS_set=
ac_cv_env_CPPFLAGS_value=
ac_cv_env_CPP_set=
ac_cv_env_CPP_value=
ac_cv_env_LDFLAGS_set=
ac_cv_env_LDFLAGS_value=
ac_cv_env_LIBS_set=
ac_cv_env_LIBS_value=
ac_cv_env_build_alias_set=
ac_cv_env_build_alias_value=
ac_cv_env_host_alias_set=
ac_cv_env_host_alias_value=
ac_cv_env_target_alias_set=
ac_cv_env_target_alias_value=
ac_cv_func_gettimeofday=yes
ac_cv_header_dlfcn_h=yes
ac_cv_header_inttypes_h=yes
ac_cv_header_memory_h=yes
ac_cv_header_stdc=yes
ac_cv_header_stdint_h=yes
ac_cv_header_stdlib_h=yes
ac_cv_header_string_h=yes
ac_cv_header_strings_h=yes
ac_cv_header_sys_stat_h=yes
ac_cv_header_sys_time_h=yes
ac_cv_header_sys_types_h=yes
ac_cv_header_unistd_h=yes
ac_cv_host=x86_64-apple-darwin15.4.0
ac_cv_lib_m_exp=yes
ac_cv_objext=o
ac_cv_path_EGREP='/usr/bin/grep -E'
ac_cv_path_FGREP='/usr/bin/grep -F'
ac_cv_path_GREP=/usr/bin/grep
ac_cv_path_SED=/usr/local/bin/sed
ac_cv_path_install='/usr/bin/install -c'
ac_cv_prog_AWK=gawk
ac_cv_prog_CPP='gcc -E'
ac_cv_prog_ac_ct_AR=ar
ac_cv_prog_ac_ct_CC=gcc
ac_cv_prog_ac_ct_DSYMUTIL=dsymutil
ac_cv_prog_ac_ct_LIPO=lipo
ac_cv_prog_ac_ct_NMEDIT=nmedit
ac_cv_prog_ac_ct_OTOOL=otool
ac_cv_prog_ac_ct_RANLIB=ranlib
ac_cv_prog_ac_ct_STRIP=strip
ac_cv_prog_cc_c89=
ac_cv_prog_cc_g=yes
ac_cv_prog_make_make_set=yes
am_cv_CC_dependencies_compiler_type=gcc3
lt_cv_apple_cc_single_mod=yes
lt_cv_ar_at_file=no
lt_cv_deplibs_check_method=pass_all
lt_cv_file_magic_cmd='$MAGIC_CMD'
lt_cv_file_magic_test_file=
lt_cv_ld_exported_symbols_list=yes
lt_cv_ld_force_load=no
lt_cv_ld_reload_flag=-r
lt_cv_nm_interface='BSD nm'
lt_cv_objdir=.libs
lt_cv_path_LD=/Applications/Xcode.app/Contents/Developer/Toolchains/XcodeDefault.xctoolchain/usr/bin/ld
lt_cv_path_NM='/usr/bin/nm -B'
lt_cv_path_mainfest_tool=no
lt_cv_prog_compiler_c_o=yes
lt_cv_prog_compiler_pic='-fno-common -DPIC'
lt_cv_prog_compiler_pic_works=yes
lt_cv_prog_compiler_rtti_exceptions=yes
lt_cv_prog_compiler_static_works=no
lt_cv_prog_gnu_ld=no
lt_cv_sharedlib_from_linklib_cmd='printf %s\n'
lt_cv_sys_global_symbol_pipe='sed -n -e '\''s/^.*[	 ]\([BCDEGRST][BCDEGRST]*\)[	 ][	 ]*_\([_A-Za-z][_A-Za-z0-9]*\)$/\1 _\2 \2/p'\'' | sed '\''/ __gnu_lto/d'\'''
lt_cv_sys_global_symbol_to_c_name_address='sed -n -e '\''s/^: \([^ ]*\)[ ]*$/  {\"\1\", (void *) 0},/p'\'' -e '\''s/^[BCDEGRST]* \([^ ]*\) \([^ ]*\)$/  {"\2", (void *) \&\2},/p'\'''
lt_cv_sys_global_symbol_to_c_name_address_lib_prefix='sed -n -e '\''s/^: \([^ ]*\)[ ]*$/  {\"\1\", (void *) 0},/p'\'' -e '\''s/^[BCDEGRST]* \([^ ]*\) \(lib[^ ]*\)$/  {"\2", (void *) \&\2},/p'\'' -e '\''s/^[BCDEGRST]* \([^ ]*\) \([^ ]*\)$/  {"lib\2", (void *) \&\2},/p'\'''
lt_cv_sys_global_symbol_to_cdecl='sed -n -e '\''s/^T .* \(.*\)$/extern int \1();/p'\'' -e '\''s/^[BCDEGRST]* .* \(.*\)$/extern char \1;/p'\'''
lt_cv_sys_max_cmd_len=196608
lt_cv_to_host_file_cmd=func_convert_file_noop
lt_cv_to_tool_file_cmd=func_convert_file_noop

## ----------------- ##
## Output variables. ##
## ----------------- ##

ACLOCAL='${SHELL} /Users/Chaitu/Documents/github/lineup_recommender/glpk-4.60/missing --run aclocal-1.12'
AMDEPBACKSLASH='\'
AMDEP_FALSE='#'
AMDEP_TRUE=''
AMTAR='$${TAR-tar}'
AR='ar'
AUTOCONF='${SHELL} /Users/Chaitu/Documents/github/lineup_recommender/glpk-4.60/missing --run autoconf'
AUTOHEADER='${SHELL} /Users/Chaitu/Documents/github/lineup_recommender/glpk-4.60/missing --run autoheader'
AUTOMAKE='${SHELL} /Users/Chaitu/Documents/github/lineup_recommender/glpk-4.60/missing --run automake-1.12'
AWK='gawk'
CC='gcc'
CCDEPMODE='depmode=gcc3'
CFLAGS='-g -O2'
CPP='gcc -E'
CPPFLAGS=''
CYGPATH_W='echo'
DEFS='-DHAVE_CONFIG_H'
DEPDIR='.deps'
DLLTOOL='false'
DSYMUTIL='dsymutil'
DUMPBIN=''
ECHO_C='\c'
ECHO_N=''
ECHO_T=''
EGREP='/usr/bin/grep -E'
EXEEXT=''
FGREP='/usr/bin/grep -F'
GREP='/usr/bin/grep'
INSTALL_DATA='${INSTALL} -m 644'
INSTALL_PROGRAM='${INSTALL}'
INSTALL_SCRIPT='${INSTALL}'
INSTALL_STRIP_PROGRAM='$(install_sh) -c -s'
LD='/Applications/Xcode.app/Contents/Developer/Toolchains/XcodeDefault.xctoolchain/usr/bin/ld'
LDFLAGS=''
LIBOBJS=''
LIBS='-lm '
LIBTOOL='$(SHELL) $(top_builddir)/libtool'
LIPO='lipo'
LN_S='ln -s'
LTLIBOBJS=''
MAKEINFO='${SHELL} /Users/Chaitu/Documents/github/lineup_recommender/glpk-4.60/missing --run makeinfo'
MANIFEST_TOOL=':'
MKDIR_P='./install-sh -c -d'
NM='/usr/bin/nm -B'
NMEDIT='nmedit'
NOUNDEFINED=''
OBJDUMP='false'
OBJEXT='o'
OTOOL64=':'
OTOOL='otool'
PACKAGE='glpk'
PACKAGE_BUGREPORT='bug-glpk@gnu.org'
PACKAGE_NAME='GLPK'
PACKAGE_STRING='GLPK 4.60'
PACKAGE_TARNAME='glpk'
PACKAGE_URL=''
PACKAGE_VERSION='4.60'
PATH_SEPARATOR=':'
RANLIB='ranlib'
SED='/usr/local/bin/sed'
SET_MAKE=''
SHELL='/bin/sh'
STRIP='strip'
VERSION='4.60'
ac_ct_AR='ar'
ac_ct_CC='gcc'
ac_ct_DUMPBIN=''
am__EXEEXT_FALSE=''
am__EXEEXT_TRUE='#'
am__fastdepCC_FALSE='#'
am__fastdepCC_TRUE=''
am__include='include'
am__isrc=''
am__leading_dot='.'
am__nodep='_no'
am__quote=''
am__tar='$${TAR-tar} chof - "$$tardir"'
am__untar='$${TAR-tar} xf -'
bindir='${exec_prefix}/bin'
build='x86_64-apple-darwin15.4.0'
build_alias=''
build_cpu='x86_64'
build_os='darwin15.4.0'
build_vendor='apple'
datadir='${datarootdir}'
datarootdir='${prefix}/share'
docdir='${datarootdir}/doc/${PACKAGE_TARNAME}'
dvidir='${docdir}'
exec_prefix='${prefix}'
host='x86_64-apple-darwin15.4.0'
host_alias=''
host_cpu='x86_64'
host_os='darwin15.4.0'
host_vendor='apple'
htmldir='${docdir}'
includedir='${prefix}/include'
infodir='${datarootdir}/info'
install_sh='${SHELL} /Users/Chaitu/Documents/github/lineup_recommender/glpk-4.60/install-sh'
libdir='${exec_prefix}/lib'
libexecdir='${exec_prefix}/libexec'
localedir='${datarootdir}/locale'
localstatedir='${prefix}/var'
mandir='${datarootdir}/man'
mkdir_p='$(MKDIR_P)'
oldincludedir='/usr/include'
pdfdir='${docdir}'
prefix='/Users/Chaitu/Documents/github/lineup_recommender/glpk'
program_transform_name='s,x,x,'
psdir='${docdir}'
sbindir='${exec_prefix}/sbin'
sharedstatedir='${prefix}/com'
sysconfdir='${prefix}/etc'
target_alias=''

## ----------- ##
## confdefs.h. ##
## ----------- ##

/* confdefs.h */
#define PACKAGE_NAME "GLPK"
#define PACKAGE_TARNAME "glpk"
#define PACKAGE_VERSION "4.60"
#define PACKAGE_STRING "GLPK 4.60"
#define PACKAGE_BUGREPORT "bug-glpk@gnu.org"
#define PACKAGE_URL ""
#define PACKAGE "glpk"
#define VERSION "4.60"
#define STDC_HEADERS 1
#define HAVE_SYS_TYPES_H 1
#define HAVE_SYS_STAT_H 1
#define HAVE_STDLIB_H 1
#define HAVE_STRING_H 1
#define HAVE_MEMORY_H 1
#define HAVE_STRINGS_H 1
#define HAVE_INTTYPES_H 1
#define HAVE_STDINT_H 1
#define HAVE_UNISTD_H 1
#define HAVE_DLFCN_H 1
#define LT_OBJDIR ".libs/"
#define HAVE_LIBM 1
#define HAVE_SYS_TIME_H 1
#define HAVE_GETTIMEOFDAY 1

configure: exit 0
